<?xml version="1.0" encoding="UTF-8"?>
<testng-results skipped="0" failed="0" ignored="0" total="1" passed="1">
  <reporter-output>
  </reporter-output>
  <suite name="Default suite" duration-ms="104241" started-at="2021-04-25T13:04:12 IST" finished-at="2021-04-25T13:05:56 IST">
    <groups>
    </groups>
    <test name="Default test" duration-ms="104241" started-at="2021-04-25T13:04:12 IST" finished-at="2021-04-25T13:05:56 IST">
      <class name="Test.TestRunPage">
        <test-method status="PASS" signature="loggingInReddif()[pri:0, instance:Test.TestRunPage@4232c52b]" name="loggingInReddif" duration-ms="104014" started-at="2021-04-25T13:04:12 IST" finished-at="2021-04-25T13:05:56 IST">
          <reporter-output>
          </reporter-output>
        </test-method> <!-- loggingInReddif -->
      </class> <!-- Test.TestRunPage -->
    </test> <!-- Default test -->
  </suite> <!-- Default suite -->
</testng-results>
